Arguments: 
  /usr/local/bin/node /usr/local/lib/node_modules/yarn/bin/yarn.js install

PATH: 
  /usr/local/bin:/usr/bin:/bin:/usr/sbin:/sbin:/opt/X11/bin:/usr/local/bin/:/usr/local/sbin/:/usr/local/mysql/bin/:/usr/local/php5/bin:~/.composer/vendor/bin/:/usr/local/bin:/usr/bin:/bin:/usr/sbin:/sbin:/opt/X11/bin:/Users/roberteliason/zfz-developer-tools/bin

Yarn version: 
  1.16.0

Node version: 
  10.15.3

Platform: 
  darwin x64

Trace: 
  SyntaxError: /Users/roberteliason/Sites/p5lab/package.json: Unexpected token } in JSON at position 1205
      at JSON.parse (<anonymous>)
      at /usr/local/lib/node_modules/yarn/lib/cli.js:1625:59
      at Generator.next (<anonymous>)
      at step (/usr/local/lib/node_modules/yarn/lib/cli.js:304:30)
      at /usr/local/lib/node_modules/yarn/lib/cli.js:315:13

npm manifest: 
  {
    "name": "p5lab",
    "version": "1.0.0",
    "private": true,
    "scripts": {
      "dev": "yarn run development",
      "development": "cross-env NODE_ENV=development node_modules/webpack/bin/webpack.js --progress --hide-modules --config=node_modules/laravel-mix/setup/webpack.config.js",
      "watch": "yarn run development --watch",
      "watch-poll": "yarn run watch --watch-poll",
      "hot": "cross-env NODE_ENV=development node_modules/webpack-dev-server/bin/webpack-dev-server.js --inline --hot --config=node_modules/laravel-mix/setup/webpack.config.js",
      "prod": "yarn run production",
      "production": "cross-env NODE_ENV=production node_modules/webpack/bin/webpack.js --no-progress --hide-modules --config=node_modules/laravel-mix/setup/webpack.config.js",
      "eslint": "eslint --ext .js src/js/",
      "eslint-ci": "eslint --ext .js --quiet -f junit src/js/ > ./tests/eslint.xml --cache --cache-location ./tests/.eslintcache"
    },
    "devDependencies": {
      "browser-sync": "^2.26.3",
      "browser-sync-webpack-plugin": "2.2.2",
      "cross-env": "^6.0.2",
      "eslint": "^6.5.1",
      "laravel-mix": "^5.0.0",
      "resolve-url-loader": "3.1.0",
      "sass": "^1.23.0",
      "sass-loader": "8.0.0",
    },
    "dependencies": {
      "p5": "^1.0.0"
    }
  }

yarn manifest: 
  No manifest

Lockfile: 
  # THIS IS AN AUTOGENERATED FILE. DO NOT EDIT THIS FILE DIRECTLY.
  # yarn lockfile v1
  
  
  p5@^1.0.0:
    version "1.0.0"
    resolved "https://registry.yarnpkg.com/p5/-/p5-1.0.0.tgz#d27c77c1c11450ede27af4614a5d24470ffab0c4"
    integrity sha512-SYYc6NSHA/mMoF00SdI39FmhifMWl0B74/Bg3T793v+KOAWgXsBfr7snv9cjHFqpcmjtJMuZSOoA55qAETCu1w==
